$ next dev --turbopack -p 8565
   ▲ Next.js 15.3.3 (Turbopack)
   - Local:        http://localhost:8565
   - Network:      http://177.129.9.194:8565
   - Environments: .env

 ✓ Starting...
 ✓ Ready in 1355ms
 ○ Compiling / ...
 ✓ Compiled / in 11.9s
 GET / 200 in 14263ms
 ⚠ Cross origin request detected from cid-uff.net to /_next/* resource. In a future major version of Next.js, you will need to explicitly configure "allowedDevOrigins" in next.config to allow this.
Read more: https://nextjs.org/docs/app/api-reference/config/next-config-js/allowedDevOrigins
 ○ Compiling /favicon.ico ...
 ✓ Compiled /favicon.ico in 767ms
 GET /favicon.ico?favicon.56766c03.ico 200 in 1074ms
 GET / 200 in 214ms
 ✓ Compiled in 261ms
 ✓ Compiled in 96ms
 ✓ Compiled in 119ms
 ✓ Compiled in 111ms
 ✓ Compiled in 112ms
 ✓ Compiled in 111ms
 ✓ Compiled in 127ms
 GET / 200 in 652ms
 POST / 200 in 302758ms
 GET /favicon.ico?favicon.56766c03.ico 200 in 264ms
API Error: <!DOCTYPE HTML PUBLIC "-//IETF//DTD HTML 2.0//EN">
<html><head>
<title>502 Proxy Error</title>
</head><body>
<h1>Proxy Error</h1>
<p>The proxy server received an invalid
response from an upstream server.<br />
The proxy server could not handle the request<p>Reason: <strong>Error reading from remote server</strong></p></p>
<hr>
<address>Apache/2.4.52 (Ubuntu) Server at devel.cid-uff.net Port 443</address>
</body></html>

 POST / 200 in 9046ms
 GET / 200 in 171ms
 GET /favicon.ico?favicon.56766c03.ico 200 in 295ms
 GET /favicon.ico?favicon.56766c03.ico 200 in 231ms
error: script "dev" was terminated by signal SIGHUP (Terminal hung up)
